<?xml version="1.0" encoding="UTF-8"?>
<!-- Generated by org.testng.reporters.JUnitXMLReporter -->
<testsuite ignored="1" hostname="DESKTOP-14R4M77" failures="0" tests="1" name="Default test" time="0.225" errors="0" timestamp="2022-09-09T00:08:40 IST">
  <testcase classname="sample_tests.Sampletest" name="execution" time="0.049"/>
  <testcase classname="sample_tests.Sampletest" name="sampletest" time="0.0">
    <ignored/>
  </testcase> <!-- sampletest -->
</testsuite> <!-- Default test -->
