<?xml version="1.0" encoding="UTF-8"?>
<testng-results ignored="1" total="2" passed="1" failed="0" skipped="0">
  <reporter-output>
  </reporter-output>
  <suite started-at="2022-09-09T00:08:40 IST" name="Default suite" finished-at="2022-09-09T00:08:40 IST" duration-ms="225">
    <groups>
    </groups>
    <test started-at="2022-09-09T00:08:40 IST" name="Default test" finished-at="2022-09-09T00:08:40 IST" duration-ms="225">
      <class name="sample_tests.Sampletest">
        <test-method signature="execution()[pri:0, instance:sample_tests.Sampletest@31e5415e]" started-at="2022-09-09T00:08:40 IST" name="execution" finished-at="2022-09-09T00:08:40 IST" duration-ms="49" status="PASS">
          <reporter-output>
          </reporter-output>
        </test-method> <!-- execution -->
      </class> <!-- sample_tests.Sampletest -->
    </test> <!-- Default test -->
  </suite> <!-- Default suite -->
</testng-results>
